<?xml version="1.0" encoding="UTF-8"?>
<!-- Generated by org.testng.reporters.JUnitReportReporter -->
<testsuite hostname="LAPTOP-KGDMBK1V" failures="0" tests="2" name="com.testng.annotationsdemo.AnnotationDemo" time="134.369" errors="0" timestamp="21 Oct 2021 07:17:16 GMT" skipped="0">
  <testcase classname="com.testng.annotationsdemo.AnnotationDemo" name="clickOnMenTab" time="101.796"/>
  <testcase classname="com.testng.annotationsdemo.AnnotationDemo" name="verifyTitleOfHomePage" time="32.573"/>
</testsuite> <!-- com.testng.annotationsdemo.AnnotationDemo -->
