<?xml version="1.0" encoding="UTF-8"?>
<!-- Generated by org.testng.reporters.JUnitReportReporter -->
<testsuite hostname="LAPTOP-KGDMBK1V" failures="0" tests="2" name="com.practicepararmeter.GroupsDemo" time="0.016" errors="0" timestamp="19 Oct 2021 10:16:22 GMT" skipped="0">
  <testcase classname="com.practicepararmeter.GroupsDemo" name="m11" time="0.014"/>
  <testcase classname="com.practicepararmeter.GroupsDemo" name="m13" time="0.002"/>
</testsuite> <!-- com.practicepararmeter.GroupsDemo -->
