<?xml version="1.0" encoding="UTF-8"?>
<!-- Generated by org.testng.reporters.JUnitReportReporter -->
<testsuite hostname="LAPTOP-KGDMBK1V" failures="0" tests="15" name="com.testng.parametersdemo.ThreadPoolSizeDemo" time="10.125" errors="0" timestamp="21 Oct 2021 07:17:16 GMT" skipped="0">
  <testcase classname="com.testng.parametersdemo.ThreadPoolSizeDemo" name="Ekshinge" time="2.015"/>
  <testcase classname="com.testng.parametersdemo.ThreadPoolSizeDemo" name="Ekshinge" time="2.029"/>
  <testcase classname="com.testng.parametersdemo.ThreadPoolSizeDemo" name="shubhnagi" time="0.001"/>
  <testcase classname="com.testng.parametersdemo.ThreadPoolSizeDemo" name="shubhnagi" time="0.004"/>
  <testcase classname="com.testng.parametersdemo.ThreadPoolSizeDemo" name="shubhnagi" time="0.004"/>
  <testcase classname="com.testng.parametersdemo.ThreadPoolSizeDemo" name="shubhnagi" time="0.002"/>
  <testcase classname="com.testng.parametersdemo.ThreadPoolSizeDemo" name="shubhnagi" time="0.003"/>
  <testcase classname="com.testng.parametersdemo.ThreadPoolSizeDemo" name="shubhnagi" time="0.003"/>
  <testcase classname="com.testng.parametersdemo.ThreadPoolSizeDemo" name="shubhnagi" time="0.003"/>
  <testcase classname="com.testng.parametersdemo.ThreadPoolSizeDemo" name="shubhnagi" time="0.001"/>
  <testcase classname="com.testng.parametersdemo.ThreadPoolSizeDemo" name="Ekshinge" time="2.019"/>
  <testcase classname="com.testng.parametersdemo.ThreadPoolSizeDemo" name="shubhnagi" time="0.002"/>
  <testcase classname="com.testng.parametersdemo.ThreadPoolSizeDemo" name="Ekshinge" time="2.017"/>
  <testcase classname="com.testng.parametersdemo.ThreadPoolSizeDemo" name="shubhnagi" time="0.004"/>
  <testcase classname="com.testng.parametersdemo.ThreadPoolSizeDemo" name="Ekshinge" time="2.018"/>
</testsuite> <!-- com.testng.parametersdemo.ThreadPoolSizeDemo -->
