<?xml version="1.0" encoding="UTF-8"?>
<!-- Generated by org.testng.reporters.JUnitReportReporter -->
<testsuite hostname="LAPTOP-KGDMBK1V" failures="0" tests="2" name="com.testng.annotations.Using_Annotation2" time="0.010" errors="0" timestamp="09 Oct 2021 03:37:51 GMT" skipped="0">
  <testcase classname="com.testng.annotations.Using_Annotation2" name="s3" time="0.007"/>
  <testcase classname="com.testng.annotations.Using_Annotation2" name="s5" time="0.003"/>
</testsuite> <!-- com.testng.annotations.Using_Annotation2 -->
