<?xml version="1.0" encoding="UTF-8"?>
<!-- Generated by org.testng.reporters.JUnitReportReporter -->
<testsuite hostname="LAPTOP-KGDMBK1V" failures="0" tests="2" name="com.testng.parametersdemo.UnabledDemo" time="9.871" errors="0" timestamp="21 Oct 2021 07:17:16 GMT" skipped="1">
  <testcase classname="com.testng.parametersdemo.UnabledDemo" name="testCase001" time="9.871"/>
  <testcase classname="com.testng.parametersdemo.UnabledDemo" name="testCase002">
    <skipped/>
  </testcase> <!-- testCase002 -->
</testsuite> <!-- com.testng.parametersdemo.UnabledDemo -->
