<?xml version="1.0" encoding="UTF-8"?>
<!-- Generated by org.testng.reporters.JUnitReportReporter -->
<testsuite hostname="LAPTOP-KGDMBK1V" failures="0" tests="15" name="com.testng.parametesrsdemo.ThreadPoolSizeDemo" time="10.190" errors="0" timestamp="18 Oct 2021 18:09:57 GMT" skipped="0">
  <testcase classname="com.testng.parametesrsdemo.ThreadPoolSizeDemo" name="shubhnagi" time="0.002"/>
  <testcase classname="com.testng.parametesrsdemo.ThreadPoolSizeDemo" name="Ekshinge" time="2.020"/>
  <testcase classname="com.testng.parametesrsdemo.ThreadPoolSizeDemo" name="shubhnagi" time="0.002"/>
  <testcase classname="com.testng.parametesrsdemo.ThreadPoolSizeDemo" name="Ekshinge" time="2.020"/>
  <testcase classname="com.testng.parametesrsdemo.ThreadPoolSizeDemo" name="shubhnagi" time="0.026"/>
  <testcase classname="com.testng.parametesrsdemo.ThreadPoolSizeDemo" name="shubhnagi" time="0.003"/>
  <testcase classname="com.testng.parametesrsdemo.ThreadPoolSizeDemo" name="Ekshinge" time="2.019"/>
  <testcase classname="com.testng.parametesrsdemo.ThreadPoolSizeDemo" name="Ekshinge" time="2.031"/>
  <testcase classname="com.testng.parametesrsdemo.ThreadPoolSizeDemo" name="shubhnagi" time="0.016"/>
  <testcase classname="com.testng.parametesrsdemo.ThreadPoolSizeDemo" name="Ekshinge" time="2.020"/>
  <testcase classname="com.testng.parametesrsdemo.ThreadPoolSizeDemo" name="shubhnagi" time="0.002"/>
  <testcase classname="com.testng.parametesrsdemo.ThreadPoolSizeDemo" name="shubhnagi" time="0.007"/>
  <testcase classname="com.testng.parametesrsdemo.ThreadPoolSizeDemo" name="shubhnagi" time="0.007"/>
  <testcase classname="com.testng.parametesrsdemo.ThreadPoolSizeDemo" name="shubhnagi" time="0.003"/>
  <testcase classname="com.testng.parametesrsdemo.ThreadPoolSizeDemo" name="shubhnagi" time="0.012"/>
</testsuite> <!-- com.testng.parametesrsdemo.ThreadPoolSizeDemo -->
