<?xml version="1.0" encoding="UTF-8"?>
<!-- Generated by org.testng.reporters.JUnitReportReporter -->
<testsuite hostname="LAPTOP-KGDMBK1V" failures="0" tests="2" name="com.testng.parametersdemo.PriorityDemo" time="0.009" errors="0" timestamp="21 Oct 2021 07:17:16 GMT" skipped="0">
  <testcase classname="com.testng.parametersdemo.PriorityDemo" name="m4" time="0.007"/>
  <testcase classname="com.testng.parametersdemo.PriorityDemo" name="m0" time="0.002"/>
</testsuite> <!-- com.testng.parametersdemo.PriorityDemo -->
