<?xml version="1.0" encoding="UTF-8"?>
<!-- Generated by org.testng.reporters.JUnitReportReporter -->
<testsuite hostname="LAPTOP-KGDMBK1V" failures="0" tests="2" name="com.testng.annotations.Using_SuiteDemo" time="0.014" errors="0" timestamp="09 Oct 2021 04:42:47 GMT" skipped="0">
  <testcase classname="com.testng.annotations.Using_SuiteDemo" name="s3" time="0.003"/>
  <testcase classname="com.testng.annotations.Using_SuiteDemo" name="s5" time="0.011"/>
</testsuite> <!-- com.testng.annotations.Using_SuiteDemo -->
