<?xml version="1.0" encoding="UTF-8"?>
<!-- Generated by org.testng.reporters.JUnitReportReporter -->
<testsuite hostname="LAPTOP-KGDMBK1V" failures="0" tests="1" name="com.testng.parametesrsdemo.ExpectedExceptionDemo1" time="0.017" errors="0" timestamp="19 Oct 2021 10:53:11 GMT" skipped="0">
  <testcase classname="com.testng.parametesrsdemo.ExpectedExceptionDemo1" name="shubhangi" time="0.017"/>
</testsuite> <!-- com.testng.parametesrsdemo.ExpectedExceptionDemo1 -->
