<?xml version="1.0" encoding="UTF-8"?>
<!-- Generated by org.testng.reporters.JUnitReportReporter -->
<testsuite hostname="LAPTOP-KGDMBK1V" failures="0" tests="2" name="com.testng.annotationsdemo.Using_TestCaseDemo" time="0.006" errors="0" timestamp="21 Oct 2021 07:17:16 GMT" skipped="0">
  <testcase classname="com.testng.annotationsdemo.Using_TestCaseDemo" name="s19" time="0.003"/>
  <testcase classname="com.testng.annotationsdemo.Using_TestCaseDemo" name="s16" time="0.003"/>
</testsuite> <!-- com.testng.annotationsdemo.Using_TestCaseDemo -->
