<?xml version="1.0" encoding="UTF-8"?>
<!-- Generated by org.testng.reporters.JUnitReportReporter -->
<testsuite hostname="LAPTOP-KGDMBK1V" failures="0" tests="4" name="com.testng.parametersdemo.groupsdemo.Class_B" time="0.008" errors="0" timestamp="21 Oct 2021 07:17:16 GMT" skipped="0">
  <testcase classname="com.testng.parametersdemo.groupsdemo.Class_B" name="testClass4" time="0.002"/>
  <testcase classname="com.testng.parametersdemo.groupsdemo.Class_B" name="testClass2" time="0.003"/>
  <testcase classname="com.testng.parametersdemo.groupsdemo.Class_B" name="testClass1" time="0.002"/>
  <testcase classname="com.testng.parametersdemo.groupsdemo.Class_B" name="testClass3" time="0.001"/>
</testsuite> <!-- com.testng.parametersdemo.groupsdemo.Class_B -->
