<?xml version="1.0" encoding="UTF-8"?>
<!-- Generated by org.testng.reporters.JUnitReportReporter -->
<testsuite hostname="LAPTOP-KGDMBK1V" failures="0" tests="1" name="com.testng.usingannotations.AnotherAnnotations" time="95.993" errors="0" timestamp="18 Oct 2021 07:30:50 GMT" skipped="0">
  <testcase classname="com.testng.usingannotations.AnotherAnnotations" name="verifyTitleOfTheHomePage" time="95.993"/>
</testsuite> <!-- com.testng.usingannotations.AnotherAnnotations -->
