<?xml version="1.0" encoding="UTF-8"?>
<!-- Generated by org.testng.reporters.JUnitReportReporter -->
<testsuite hostname="LAPTOP-KGDMBK1V" failures="0" tests="2" name="com.testng.parametesrsdemo.UnabledDemo" time="40.106" errors="0" timestamp="18 Oct 2021 13:14:57 GMT" skipped="1">
  <testcase classname="com.testng.parametesrsdemo.UnabledDemo" name="testCase001" time="40.106"/>
  <testcase classname="com.testng.parametesrsdemo.UnabledDemo" name="testCase002">
    <skipped/>
  </testcase> <!-- testCase002 -->
</testsuite> <!-- com.testng.parametesrsdemo.UnabledDemo -->
