<?xml version="1.0" encoding="UTF-8"?>
<!-- Generated by org.testng.reporters.JUnitReportReporter -->
<testsuite hostname="LAPTOP-KGDMBK1V" failures="0" tests="2" name="com.testng.annotations.Using_TestCaseDemo" time="0.008" errors="0" timestamp="09 Oct 2021 04:42:47 GMT" skipped="0">
  <testcase classname="com.testng.annotations.Using_TestCaseDemo" name="s19" time="0.005"/>
  <testcase classname="com.testng.annotations.Using_TestCaseDemo" name="s16" time="0.003"/>
</testsuite> <!-- com.testng.annotations.Using_TestCaseDemo -->
