<?xml version="1.0" encoding="UTF-8"?>
<!-- Generated by org.testng.reporters.JUnitReportReporter -->
<testsuite hostname="LAPTOP-KGDMBK1V" failures="0" tests="2" name="com.testng.annotationsdemo.Using_TestDemo" time="0.002" errors="0" timestamp="21 Oct 2021 07:17:16 GMT" skipped="0">
  <testcase classname="com.testng.annotationsdemo.Using_TestDemo" name="s1" time="0.002"/>
  <testcase classname="com.testng.annotationsdemo.Using_TestDemo" name="s2" time="0.000"/>
</testsuite> <!-- com.testng.annotationsdemo.Using_TestDemo -->
