<?xml version="1.0" encoding="UTF-8"?>
<!-- Generated by org.testng.reporters.JUnitReportReporter -->
<testsuite hostname="LAPTOP-KGDMBK1V" failures="0" tests="2" name="com.testng.usingannotations.AnnotationDemo" time="132.611" errors="0" timestamp="18 Oct 2021 09:51:58 GMT" skipped="0">
  <testcase classname="com.testng.usingannotations.AnnotationDemo" name="verifyTitleOfHomePage" time="41.337"/>
  <testcase classname="com.testng.usingannotations.AnnotationDemo" name="clickOnMenTab" time="91.274"/>
</testsuite> <!-- com.testng.usingannotations.AnnotationDemo -->
