<?xml version="1.0" encoding="UTF-8"?>
<!-- Generated by org.testng.reporters.JUnitReportReporter -->
<testsuite hostname="LAPTOP-KGDMBK1V" failures="0" tests="5" name="com.testng.parametesrs.groupsdemo.Class_A" time="0.025" errors="0" timestamp="19 Oct 2021 06:36:33 GMT" skipped="0">
  <testcase classname="com.testng.parametesrs.groupsdemo.Class_A" name="Test2" time="0.002"/>
  <testcase classname="com.testng.parametesrs.groupsdemo.Class_A" name="Test4" time="0.002"/>
  <testcase classname="com.testng.parametesrs.groupsdemo.Class_A" name="Test3" time="0.003"/>
  <testcase classname="com.testng.parametesrs.groupsdemo.Class_A" name="Test5" time="0.004"/>
  <testcase classname="com.testng.parametesrs.groupsdemo.Class_A" name="Test1" time="0.014"/>
</testsuite> <!-- com.testng.parametesrs.groupsdemo.Class_A -->
