<?xml version="1.0" encoding="UTF-8"?>
<!-- Generated by org.testng.reporters.JUnitReportReporter -->
<testsuite hostname="LAPTOP-KGDMBK1V" failures="0" tests="2" name="com.testng.usingannotations.Using_Annotations1" time="0.010" errors="0" timestamp="18 Oct 2021 10:26:39 GMT" skipped="0">
  <testcase classname="com.testng.usingannotations.Using_Annotations1" name="s3" time="0.002"/>
  <testcase classname="com.testng.usingannotations.Using_Annotations1" name="m1" time="0.008"/>
</testsuite> <!-- com.testng.usingannotations.Using_Annotations1 -->
