<?xml version="1.0" encoding="UTF-8"?>
<!-- Generated by org.testng.reporters.JUnitReportReporter -->
<testsuite hostname="LAPTOP-KGDMBK1V" failures="0" tests="8" name="com.practicepararmeter.ParametersDemo" time="0.053" errors="0" timestamp="19 Oct 2021 09:17:37 GMT" skipped="1">
  <testcase classname="com.practicepararmeter.ParametersDemo" name="m4" time="0.022"/>
  <testcase classname="com.practicepararmeter.ParametersDemo" name="m5" time="0.001"/>
  <testcase classname="com.practicepararmeter.ParametersDemo" name="m5" time="0.001"/>
  <testcase classname="com.practicepararmeter.ParametersDemo" name="m3" time="0.002"/>
  <testcase classname="com.practicepararmeter.ParametersDemo" name="m1" time="0.016"/>
  <testcase classname="com.practicepararmeter.ParametersDemo" name="m5" time="0.010"/>
  <testcase classname="com.practicepararmeter.ParametersDemo" name="a1" time="0.001"/>
  <testcase classname="com.practicepararmeter.ParametersDemo" name="m2">
    <skipped/>
  </testcase> <!-- m2 -->
</testsuite> <!-- com.practicepararmeter.ParametersDemo -->
