<?xml version="1.0" encoding="UTF-8"?>
<!-- Generated by org.testng.reporters.JUnitReportReporter -->
<testsuite hostname="LAPTOP-KGDMBK1V" failures="0" tests="2" name="com.testng.annotations.Using_ClasstagDemo" time="0.005" errors="0" timestamp="09 Oct 2021 04:42:47 GMT" skipped="0">
  <testcase classname="com.testng.annotations.Using_ClasstagDemo" name="s7" time="0.002"/>
  <testcase classname="com.testng.annotations.Using_ClasstagDemo" name="s9" time="0.003"/>
</testsuite> <!-- com.testng.annotations.Using_ClasstagDemo -->
