<?xml version="1.0" encoding="UTF-8"?>
<!-- Generated by org.testng.reporters.JUnitReportReporter -->
<testsuite hostname="LAPTOP-KGDMBK1V" failures="0" tests="2" name="com.testng.parametesrs.groupsdemo.Using_GroupsDemo" time="58.175" errors="0" timestamp="19 Oct 2021 10:47:22 GMT" skipped="0">
  <testcase classname="com.testng.parametesrs.groupsdemo.Using_GroupsDemo" name="verifyTheUrlOfPage" time="28.007"/>
  <testcase classname="com.testng.parametesrs.groupsdemo.Using_GroupsDemo" name="clickOnSignInTab" time="30.168"/>
</testsuite> <!-- com.testng.parametesrs.groupsdemo.Using_GroupsDemo -->
