<?xml version="1.0" encoding="UTF-8"?>
<!-- Generated by org.testng.reporters.JUnitReportReporter -->
<testsuite hostname="LAPTOP-KGDMBK1V" failures="0" tests="3" name="com.testng.parametesrsdemo.listenersdemo.TestClass" time="0.018" errors="0" timestamp="20 Oct 2021 05:11:57 GMT" skipped="0">
  <testcase classname="com.testng.parametesrsdemo.listenersdemo.TestClass" name="x2" time="0.001"/>
  <testcase classname="com.testng.parametesrsdemo.listenersdemo.TestClass" name="x1" time="0.016"/>
  <testcase classname="com.testng.parametesrsdemo.listenersdemo.TestClass" name="x3" time="0.001"/>
</testsuite> <!-- com.testng.parametesrsdemo.listenersdemo.TestClass -->
