<?xml version="1.0" encoding="UTF-8"?>
<!-- Generated by org.testng.reporters.JUnitReportReporter -->
<testsuite hostname="LAPTOP-KGDMBK1V" failures="0" tests="5" name="com.testng.parametersdemo.groupsdemo.Class_A" time="0.007" errors="0" timestamp="21 Oct 2021 07:17:16 GMT" skipped="0">
  <testcase classname="com.testng.parametersdemo.groupsdemo.Class_A" name="Test3" time="0.001"/>
  <testcase classname="com.testng.parametersdemo.groupsdemo.Class_A" name="Test1" time="0.001"/>
  <testcase classname="com.testng.parametersdemo.groupsdemo.Class_A" name="Test5" time="0.001"/>
  <testcase classname="com.testng.parametersdemo.groupsdemo.Class_A" name="Test4" time="0.002"/>
  <testcase classname="com.testng.parametersdemo.groupsdemo.Class_A" name="Test2" time="0.002"/>
</testsuite> <!-- com.testng.parametersdemo.groupsdemo.Class_A -->
