<?xml version="1.0" encoding="UTF-8"?>
<!-- Generated by org.testng.reporters.JUnitReportReporter -->
<testsuite hostname="LAPTOP-KGDMBK1V" failures="0" tests="3" name="com.testng.parametesrs.groupsdemo.Class_C" time="0.013" errors="0" timestamp="19 Oct 2021 06:36:33 GMT" skipped="0">
  <testcase classname="com.testng.parametesrs.groupsdemo.Class_C" name="m1" time="0.006"/>
  <testcase classname="com.testng.parametesrs.groupsdemo.Class_C" name="m3" time="0.002"/>
  <testcase classname="com.testng.parametesrs.groupsdemo.Class_C" name="m2" time="0.005"/>
</testsuite> <!-- com.testng.parametesrs.groupsdemo.Class_C -->
