<?xml version="1.0" encoding="UTF-8"?>
<!-- Generated by org.testng.reporters.JUnitReportReporter -->
<testsuite hostname="LAPTOP-KGDMBK1V" failures="0" tests="3" name="com.testng.parametersdemo.groupsdemo.Class_C" time="0.008" errors="0" timestamp="21 Oct 2021 07:17:16 GMT" skipped="0">
  <testcase classname="com.testng.parametersdemo.groupsdemo.Class_C" name="m1" time="0.001"/>
  <testcase classname="com.testng.parametersdemo.groupsdemo.Class_C" name="m2" time="0.003"/>
  <testcase classname="com.testng.parametersdemo.groupsdemo.Class_C" name="m3" time="0.004"/>
</testsuite> <!-- com.testng.parametersdemo.groupsdemo.Class_C -->
