<?xml version="1.0" encoding="UTF-8"?>
<!-- Generated by org.testng.reporters.JUnitReportReporter -->
<testsuite hostname="LAPTOP-KGDMBK1V" failures="0" tests="5" name="com.testng.parametesrsdemo.SuccessPercentageDemo" time="10.044" errors="0" timestamp="18 Oct 2021 17:53:58 GMT" skipped="0">
  <testcase classname="com.testng.parametesrsdemo.SuccessPercentageDemo" name="s11" time="2.024"/>
  <testcase classname="com.testng.parametesrsdemo.SuccessPercentageDemo" name="s11" time="2.005"/>
  <testcase classname="com.testng.parametesrsdemo.SuccessPercentageDemo" name="s11" time="2.008"/>
  <testcase classname="com.testng.parametesrsdemo.SuccessPercentageDemo" name="s11" time="2.003"/>
  <testcase classname="com.testng.parametesrsdemo.SuccessPercentageDemo" name="s11" time="2.004"/>
</testsuite> <!-- com.testng.parametesrsdemo.SuccessPercentageDemo -->
