<?xml version="1.0" encoding="UTF-8"?>
<!-- Generated by org.testng.reporters.JUnitReportReporter -->
<testsuite hostname="LAPTOP-KGDMBK1V" failures="0" tests="5" name="com.testng.parametesrsdemo.PriorityDemo" time="0.023" errors="0" timestamp="18 Oct 2021 13:26:28 GMT" skipped="0">
  <testcase classname="com.testng.parametesrsdemo.PriorityDemo" name="m4" time="0.013"/>
  <testcase classname="com.testng.parametesrsdemo.PriorityDemo" name="m0" time="0.002"/>
  <testcase classname="com.testng.parametesrsdemo.PriorityDemo" name="m1" time="0.002"/>
  <testcase classname="com.testng.parametesrsdemo.PriorityDemo" name="s2" time="0.003"/>
  <testcase classname="com.testng.parametesrsdemo.PriorityDemo" name="m3" time="0.003"/>
</testsuite> <!-- com.testng.parametesrsdemo.PriorityDemo -->
