<?xml version="1.0" encoding="UTF-8"?>
<!-- Generated by org.testng.reporters.JUnitReportReporter -->
<testsuite hostname="LAPTOP-KGDMBK1V" failures="0" tests="2" name="com.testng.annotations.Using_Annotation1" time="0.017" errors="0" timestamp="09 Oct 2021 03:31:43 GMT" skipped="0">
  <testcase classname="com.testng.annotations.Using_Annotation1" name="s1" time="0.014"/>
  <testcase classname="com.testng.annotations.Using_Annotation1" name="s2" time="0.003"/>
</testsuite> <!-- com.testng.annotations.Using_Annotation1 -->
