<?xml version="1.0" encoding="UTF-8"?>
<!-- Generated by org.testng.reporters.JUnitReportReporter -->
<testsuite hostname="LAPTOP-KGDMBK1V" failures="0" tests="7" name="com.testng.parametesrsdemo.InvocationCountDemo" time="0.033" errors="0" timestamp="18 Oct 2021 13:51:06 GMT" skipped="0">
  <testcase classname="com.testng.parametesrsdemo.InvocationCountDemo" name="thirdTest" time="0.002"/>
  <testcase classname="com.testng.parametesrsdemo.InvocationCountDemo" name="firstTest" time="0.002"/>
  <testcase classname="com.testng.parametesrsdemo.InvocationCountDemo" name="thirdTest" time="0.002"/>
  <testcase classname="com.testng.parametesrsdemo.InvocationCountDemo" name="thirdTest" time="0.003"/>
  <testcase classname="com.testng.parametesrsdemo.InvocationCountDemo" name="thirdTest" time="0.005"/>
  <testcase classname="com.testng.parametesrsdemo.InvocationCountDemo" name="zerothTest" time="0.002"/>
  <testcase classname="com.testng.parametesrsdemo.InvocationCountDemo" name="fifthTest" time="0.017"/>
</testsuite> <!-- com.testng.parametesrsdemo.InvocationCountDemo -->
